[   545.030] (--) Log file renamed from "/home/laspavel/.local/share/xorg/Xorg.pid-2202.log" to "/home/laspavel/.local/share/xorg/Xorg.0.log"
[   545.030] 
X.Org X Server 1.20.11
X Protocol Version 11, Revision 0
[   545.030] Build Operating System:  5.11.10-200.fc33.x86_64 
[   545.030] Current Operating System: Linux fedora 5.11.20-300.fc34.x86_64 #1 SMP Wed May 12 12:45:10 UTC 2021 x86_64
[   545.030] Kernel command line: BOOT_IMAGE=(hd0,msdos1)/vmlinuz-5.11.20-300.fc34.x86_64 root=UUID=c586c70a-cb51-460a-a83a-c588ed7ca993 ro rootflags=subvol=root rhgb quiet
[   545.030] Build Date: 14 April 2021  12:00:00AM
[   545.030] Build ID: xorg-x11-server 1.20.11-1.fc34 
[   545.030] Current version of pixman: 0.40.0
[   545.030] 	Before reporting problems, check http://wiki.x.org
	to make sure that you have the latest version.
[   545.030] Markers: (--) probed, (**) from config file, (==) default setting,
	(++) from command line, (!!) notice, (II) informational,
	(WW) warning, (EE) error, (NI) not implemented, (??) unknown.
[   545.030] (==) Log file: "/home/laspavel/.local/share/xorg/Xorg.0.log", Time: Thu May 20 20:38:58 2021
[   545.030] (==) Using config directory: "/etc/X11/xorg.conf.d"
[   545.030] (==) Using system config directory "/usr/share/X11/xorg.conf.d"
[   545.030] (==) No Layout section.  Using the first Screen section.
[   545.030] (==) No screen section available. Using defaults.
[   545.030] (**) |-->Screen "Default Screen Section" (0)
[   545.030] (**) |   |-->Monitor "<default monitor>"
[   545.030] (==) No monitor specified for screen "Default Screen Section".
	Using a default monitor configuration.
[   545.030] (==) Automatically adding devices
[   545.030] (==) Automatically enabling devices
[   545.030] (==) Automatically adding GPU devices
[   545.030] (==) Automatically binding GPU devices
[   545.030] (==) Max clients allowed: 256, resource mask: 0x1fffff
[   545.030] (==) FontPath set to:
	catalogue:/etc/X11/fontpath.d,
	built-ins
[   545.030] (==) ModulePath set to "/usr/lib64/xorg/modules"
[   545.030] (II) The server relies on udev to provide the list of input devices.
	If no devices become available, reconfigure udev or disable AutoAddDevices.
[   545.030] (II) Loader magic: 0x5615adc05a40
[   545.030] (II) Module ABI versions:
[   545.030] 	X.Org ANSI C Emulation: 0.4
[   545.030] 	X.Org Video Driver: 24.1
[   545.030] 	X.Org XInput driver : 24.1
[   545.030] 	X.Org Server Extension : 10.0
[   545.030] (++) using VT number 2

[   545.048] (II) systemd-logind: took control of session /org/freedesktop/login1/session/_32
[   545.048] (II) xfree86: Adding drm device (/dev/dri/card0)
[   545.048] (II) systemd-logind: got fd for /dev/dri/card0 226:0 fd 14 paused 0
[   545.051] (--) PCI:*(0@0:2:0) 15ad:0405:15ad:0405 rev 0, Mem @ 0xe0000000/16777216, 0xf0000000/2097152, I/O @ 0x0000d010/16, BIOS @ 0x????????/65536
[   545.051] (II) LoadModule: "glx"
[   545.052] (II) Loading /usr/lib64/xorg/modules/extensions/libglx.so
[   545.056] (II) Module glx: vendor="X.Org Foundation"
[   545.056] 	compiled for 1.20.11, module version = 1.0.0
[   545.056] 	ABI class: X.Org Server Extension, version 10.0
[   545.056] (==) Matched vmware as autoconfigured driver 0
[   545.056] (==) Matched modesetting as autoconfigured driver 1
[   545.056] (==) Matched fbdev as autoconfigured driver 2
[   545.056] (==) Matched vesa as autoconfigured driver 3
[   545.056] (==) Assigned the driver to the xf86ConfigLayout
[   545.056] (II) LoadModule: "vmware"
[   545.056] (II) Loading /usr/lib64/xorg/modules/drivers/vmware_drv.so
[   545.117] (II) Module vmware: vendor="X.Org Foundation"
[   545.117] 	compiled for 1.20.10, module version = 13.2.1
[   545.117] 	Module class: X.Org Video Driver
[   545.117] 	ABI class: X.Org Video Driver, version 24.1
[   545.117] (II) LoadModule: "modesetting"
[   545.117] (II) Loading /usr/lib64/xorg/modules/drivers/modesetting_drv.so
[   545.117] (II) Module modesetting: vendor="X.Org Foundation"
[   545.117] 	compiled for 1.20.11, module version = 1.20.11
[   545.117] 	Module class: X.Org Video Driver
[   545.117] 	ABI class: X.Org Video Driver, version 24.1
[   545.117] (II) LoadModule: "fbdev"
[   545.117] (II) Loading /usr/lib64/xorg/modules/drivers/fbdev_drv.so
[   545.117] (II) Module fbdev: vendor="X.Org Foundation"
[   545.117] 	compiled for 1.20.10, module version = 0.5.0
[   545.117] 	Module class: X.Org Video Driver
[   545.117] 	ABI class: X.Org Video Driver, version 24.1
[   545.117] (II) LoadModule: "vesa"
[   545.117] (II) Loading /usr/lib64/xorg/modules/drivers/vesa_drv.so
[   545.117] (II) Module vesa: vendor="X.Org Foundation"
[   545.117] 	compiled for 1.20.10, module version = 2.4.0
[   545.117] 	Module class: X.Org Video Driver
[   545.117] 	ABI class: X.Org Video Driver, version 24.1
[   545.117] (II) vmware: driver for VMware SVGA: vmware0405, vmware0710
[   545.117] (II) modesetting: Driver for Modesetting Kernel Drivers: kms
[   545.117] (II) FBDEV: driver for framebuffer: fbdev
[   545.117] (II) VESA: driver for VESA chipsets: vesa
[   545.117] xf86EnableIOPorts: failed to set IOPL for I/O (Operation not permitted)
[   545.117] (WW) Falling back to old probe method for modesetting
[   545.117] (WW) Falling back to old probe method for fbdev
[   545.117] (II) Loading sub module "fbdevhw"
[   545.117] (II) LoadModule: "fbdevhw"
[   545.117] (II) Loading /usr/lib64/xorg/modules/libfbdevhw.so
[   545.117] (II) Module fbdevhw: vendor="X.Org Foundation"
[   545.117] 	compiled for 1.20.11, module version = 0.0.2
[   545.117] 	ABI class: X.Org Video Driver, version 24.1
[   545.117] (EE) open /dev/fb0: Permission denied
[   545.117] (WW) VGA arbiter: cannot open kernel arbiter, no multi-card support
[   545.117] (II) vmware(0): Creating default Display subsection in Screen section
	"Default Screen Section" for depth/fbbpp 24/32
[   545.117] (--) vmware(0): DRM driver version is 2.18.0
[   545.117] (==) vmware(0): Depth 24, (--) framebuffer bpp 32
[   545.117] (==) vmware(0): RGB weight 888
[   545.117] (==) vmware(0): Default visual is TrueColor
[   545.117] (--) vmware(0): Min width 1, Max Width 8192.
[   545.117] (--) vmware(0): Min height 1, Max Height 8192.
[   545.117] (II) vmware(0): Output Virtual1 has no monitor section
[   545.117] (II) vmware(0): Output Virtual2 has no monitor section
[   545.117] (II) vmware(0): Output Virtual3 has no monitor section
[   545.117] (II) vmware(0): Output Virtual4 has no monitor section
[   545.117] (II) vmware(0): Output Virtual5 has no monitor section
[   545.117] (II) vmware(0): Output Virtual6 has no monitor section
[   545.117] (II) vmware(0): Output Virtual7 has no monitor section
[   545.117] (II) vmware(0): Output Virtual8 has no monitor section
[   545.117] (II) vmware(0): Printing probed modes for output Virtual1
[   545.117] (II) vmware(0): Modeline "1920x990"x60.0  141.59  1920 1970 2020 2070  990 1040 1090 1140 -hsync +vsync (68.4 kHz eP)
[   545.117] (II) vmware(0): Modeline "2560x1600"x60.0  348.50  2560 2752 3032 3504  1600 1603 1609 1658 -hsync +vsync (99.5 kHz e)
[   545.117] (II) vmware(0): Modeline "1920x1440"x60.0  234.00  1920 2048 2256 2600  1440 1441 1444 1500 -hsync +vsync (90.0 kHz e)
[   545.117] (II) vmware(0): Modeline "1856x1392"x60.0  218.25  1856 1952 2176 2528  1392 1393 1396 1439 -hsync +vsync (86.3 kHz e)
[   545.117] (II) vmware(0): Modeline "1792x1344"x60.0  204.75  1792 1920 2120 2448  1344 1345 1348 1394 -hsync +vsync (83.6 kHz e)
[   545.117] (II) vmware(0): Modeline "1920x1200"x59.9  193.25  1920 2056 2256 2592  1200 1203 1209 1245 -hsync +vsync (74.6 kHz e)
[   545.117] (II) vmware(0): Modeline "1600x1200"x60.0  162.00  1600 1664 1856 2160  1200 1201 1204 1250 +hsync +vsync (75.0 kHz e)
[   545.117] (II) vmware(0): Modeline "1680x1050"x60.0  146.25  1680 1784 1960 2240  1050 1053 1059 1089 -hsync +vsync (65.3 kHz e)
[   545.117] (II) vmware(0): Modeline "1400x1050"x60.0  121.75  1400 1488 1632 1864  1050 1053 1057 1089 -hsync +vsync (65.3 kHz e)
[   545.117] (II) vmware(0): Modeline "1280x1024"x60.0  108.00  1280 1328 1440 1688  1024 1025 1028 1066 +hsync +vsync (64.0 kHz e)
[   545.117] (II) vmware(0): Modeline "1440x900"x59.9  106.50  1440 1520 1672 1904  900 903 909 934 -hsync +vsync (55.9 kHz e)
[   545.117] (II) vmware(0): Modeline "1280x960"x60.0  108.00  1280 1376 1488 1800  960 961 964 1000 +hsync +vsync (60.0 kHz e)
[   545.117] (II) vmware(0): Modeline "1360x768"x60.0   85.50  1360 1424 1536 1792  768 771 777 795 +hsync +vsync (47.7 kHz e)
[   545.117] (II) vmware(0): Modeline "1280x800"x59.8   83.50  1280 1352 1480 1680  800 803 809 831 +hsync -vsync (49.7 kHz e)
[   545.117] (II) vmware(0): Modeline "1152x864"x75.0  108.00  1152 1216 1344 1600  864 865 868 900 +hsync +vsync (67.5 kHz e)
[   545.117] (II) vmware(0): Modeline "1280x768"x59.9   79.50  1280 1344 1472 1664  768 771 778 798 -hsync +vsync (47.8 kHz e)
[   545.117] (II) vmware(0): Modeline "1024x768"x60.0   65.00  1024 1048 1184 1344  768 771 777 806 -hsync -vsync (48.4 kHz e)
[   545.117] (II) vmware(0): Modeline "800x600"x60.3   40.00  800 840 968 1056  600 601 605 628 +hsync +vsync (37.9 kHz e)
[   545.117] (II) vmware(0): Modeline "640x480"x59.9   25.18  640 656 752 800  480 489 492 525 -hsync -vsync (31.5 kHz e)
[   545.117] (II) vmware(0): EDID for output Virtual2
[   545.117] (II) vmware(0): EDID for output Virtual3
[   545.117] (II) vmware(0): EDID for output Virtual4
[   545.117] (II) vmware(0): EDID for output Virtual5
[   545.117] (II) vmware(0): EDID for output Virtual6
[   545.117] (II) vmware(0): EDID for output Virtual7
[   545.117] (II) vmware(0): EDID for output Virtual8
[   545.117] (II) vmware(0): Output Virtual1 connected
[   545.117] (II) vmware(0): Output Virtual2 disconnected
[   545.117] (II) vmware(0): Output Virtual3 disconnected
[   545.117] (II) vmware(0): Output Virtual4 disconnected
[   545.117] (II) vmware(0): Output Virtual5 disconnected
[   545.117] (II) vmware(0): Output Virtual6 disconnected
[   545.117] (II) vmware(0): Output Virtual7 disconnected
[   545.117] (II) vmware(0): Output Virtual8 disconnected
[   545.117] (II) vmware(0): Using exact sizes for initial modes
[   545.117] (II) vmware(0): Output Virtual1 using initial mode 1920x990 +0+0
[   545.117] (==) vmware(0): DPI set to (96, 96)
[   545.117] (==) vmware(0): Using gamma correction (1.0, 1.0, 1.0)
[   545.117] (II) Loading sub module "fb"
[   545.117] (II) LoadModule: "fb"
[   545.117] (II) Loading /usr/lib64/xorg/modules/libfb.so
[   545.117] (II) Module fb: vendor="X.Org Foundation"
[   545.117] 	compiled for 1.20.11, module version = 1.0.0
[   545.117] 	ABI class: X.Org ANSI C Emulation, version 0.4
[   545.117] (II) Loading sub module "dri2"
[   545.117] (II) LoadModule: "dri2"
[   545.117] (II) Module "dri2" already built-in
[   545.117] (II) UnloadModule: "modesetting"
[   545.117] (II) Unloading modesetting
[   545.117] (II) UnloadModule: "fbdev"
[   545.117] (II) Unloading fbdev
[   545.117] (II) UnloadSubModule: "fbdevhw"
[   545.117] (II) Unloading fbdevhw
[   545.117] (II) UnloadModule: "vesa"
[   545.117] (II) Unloading vesa
[   545.117] (II) vmware(0): Initialized VMWARE_CTRL extension version 0.2
[   545.133] (WW) vmware(0): Failed to initialize Gallium3D Xa. No render acceleration available.
[   545.133] (WW) vmware(0): Skipped initialization of direct rendering due to lack of render acceleration.
[   545.133] (--) vmware(0): Render acceleration is disabled.
[   545.133] (==) vmware(0): Rendercheck mode is disabled.
[   545.133] (--) vmware(0): Direct rendering (3D) is disabled.
[   545.133] (==) vmware(0): Backing store enabled
[   545.133] (==) vmware(0): Silken mouse enabled
[   545.133] (==) vmware(0): DPMS enabled
[   545.133] (II) vmware(0): No 3D acceleration. Not setting up textured video.
[   545.133] (WW) vmware(0): Disabling Xv because no adaptors could be initialized.
[   545.133] (II) Initializing extension Generic Event Extension
[   545.133] (II) Initializing extension SHAPE
[   545.133] (II) Initializing extension MIT-SHM
[   545.133] (II) Initializing extension XInputExtension
[   545.133] (II) Initializing extension XTEST
[   545.133] (II) Initializing extension BIG-REQUESTS
[   545.133] (II) Initializing extension SYNC
[   545.133] (II) Initializing extension XKEYBOARD
[   545.133] (II) Initializing extension XC-MISC
[   545.133] (II) Initializing extension SECURITY
[   545.133] (II) Initializing extension XFIXES
[   545.133] (II) Initializing extension RENDER
[   545.133] (II) Initializing extension RANDR
[   545.133] (II) Initializing extension COMPOSITE
[   545.133] (II) Initializing extension DAMAGE
[   545.133] (II) Initializing extension MIT-SCREEN-SAVER
[   545.133] (II) Initializing extension DOUBLE-BUFFER
[   545.133] (II) Initializing extension RECORD
[   545.133] (II) Initializing extension DPMS
[   545.133] (II) Initializing extension Present
[   545.133] (II) Initializing extension DRI3
[   545.133] (II) Initializing extension X-Resource
[   545.133] (II) Initializing extension XVideo
[   545.133] (II) Initializing extension XVideo-MotionCompensation
[   545.133] (II) Initializing extension SELinux
[   545.133] (II) SELinux: Disabled by boolean
[   545.133] (II) Initializing extension GLX
[   545.133] (II) AIGLX: Screen 0 is not DRI2 capable
[   545.149] (II) IGLX: Loaded and initialized swrast
[   545.149] (II) GLX: Initialized DRISWRAST GL provider for screen 0
[   545.149] (II) Initializing extension XFree86-VidModeExtension
[   545.149] (II) Initializing extension XFree86-DGA
[   545.149] (II) Initializing extension DRI2
[   545.152] (II) vmware(0): Setting screen physical size to 508 x 261
[   545.196] (II) config/udev: Adding input device Power Button (/dev/input/event0)
[   545.196] (**) Power Button: Applying InputClass "evdev keyboard catchall"
[   545.196] (**) Power Button: Applying InputClass "libinput keyboard catchall"
[   545.196] (**) Power Button: Applying InputClass "system-keyboard"
[   545.196] (II) LoadModule: "libinput"
[   545.196] (II) Loading /usr/lib64/xorg/modules/input/libinput_drv.so
[   545.214] (II) Module libinput: vendor="X.Org Foundation"
[   545.214] 	compiled for 1.20.10, module version = 1.0.1
[   545.214] 	Module class: X.Org XInput Driver
[   545.214] 	ABI class: X.Org XInput driver, version 24.1
[   545.214] (II) Using input driver 'libinput' for 'Power Button'
[   545.214] (II) systemd-logind: got fd for /dev/input/event0 13:64 fd 23 paused 0
[   545.214] (**) Power Button: always reports core events
[   545.214] (**) Option "Device" "/dev/input/event0"
[   545.214] (**) Option "_source" "server/udev"
[   545.214] (II) event0  - Power Button: is tagged by udev as: Keyboard
[   545.214] (II) event0  - Power Button: device is a keyboard
[   545.214] (II) event0  - Power Button: device removed
[   545.214] (**) Option "config_info" "udev:/sys/devices/LNXSYSTM:00/LNXPWRBN:00/input/input0/event0"
[   545.214] (II) XINPUT: Adding extended input device "Power Button" (type: KEYBOARD, id 6)
[   545.214] (**) Option "xkb_layout" "us,ru,ua"
[   545.214] (**) Option "xkb_variant" ",,"
[   545.214] (**) Option "xkb_options" "grp:win_space_toggle"
[   545.238] (II) event0  - Power Button: is tagged by udev as: Keyboard
[   545.246] (II) event0  - Power Button: device is a keyboard
[   545.246] (II) config/udev: Adding input device Sleep Button (/dev/input/event1)
[   545.246] (**) Sleep Button: Applying InputClass "evdev keyboard catchall"
[   545.246] (**) Sleep Button: Applying InputClass "libinput keyboard catchall"
[   545.246] (**) Sleep Button: Applying InputClass "system-keyboard"
[   545.246] (II) Using input driver 'libinput' for 'Sleep Button'
[   545.246] (II) systemd-logind: got fd for /dev/input/event1 13:65 fd 26 paused 0
[   545.246] (**) Sleep Button: always reports core events
[   545.246] (**) Option "Device" "/dev/input/event1"
[   545.246] (**) Option "_source" "server/udev"
[   545.246] (II) event1  - Sleep Button: is tagged by udev as: Keyboard
[   545.246] (II) event1  - Sleep Button: device is a keyboard
[   545.246] (II) event1  - Sleep Button: device removed
[   545.246] (**) Option "config_info" "udev:/sys/devices/LNXSYSTM:00/LNXSLPBN:00/input/input1/event1"
[   545.246] (II) XINPUT: Adding extended input device "Sleep Button" (type: KEYBOARD, id 7)
[   545.246] (**) Option "xkb_layout" "us,ru,ua"
[   545.246] (**) Option "xkb_variant" ",,"
[   545.246] (**) Option "xkb_options" "grp:win_space_toggle"
[   545.246] (II) event1  - Sleep Button: is tagged by udev as: Keyboard
[   545.246] (II) event1  - Sleep Button: device is a keyboard
[   545.246] (II) config/udev: Adding input device Video Bus (/dev/input/event4)
[   545.246] (**) Video Bus: Applying InputClass "evdev keyboard catchall"
[   545.246] (**) Video Bus: Applying InputClass "libinput keyboard catchall"
[   545.246] (**) Video Bus: Applying InputClass "system-keyboard"
[   545.246] (II) Using input driver 'libinput' for 'Video Bus'
[   545.246] (II) systemd-logind: got fd for /dev/input/event4 13:68 fd 27 paused 0
[   545.246] (**) Video Bus: always reports core events
[   545.246] (**) Option "Device" "/dev/input/event4"
[   545.246] (**) Option "_source" "server/udev"
[   545.246] (II) event4  - Video Bus: is tagged by udev as: Keyboard
[   545.246] (II) event4  - Video Bus: device is a keyboard
[   545.246] (II) event4  - Video Bus: device removed
[   545.246] (**) Option "config_info" "udev:/sys/devices/LNXSYSTM:00/LNXSYBUS:00/PNP0A03:00/LNXVIDEO:00/input/input5/event4"
[   545.246] (II) XINPUT: Adding extended input device "Video Bus" (type: KEYBOARD, id 8)
[   545.246] (**) Option "xkb_layout" "us,ru,ua"
[   545.246] (**) Option "xkb_variant" ",,"
[   545.246] (**) Option "xkb_options" "grp:win_space_toggle"
[   545.263] (II) event4  - Video Bus: is tagged by udev as: Keyboard
[   545.263] (II) event4  - Video Bus: device is a keyboard
[   545.263] (II) config/udev: Adding input device VirtualBox mouse integration (/dev/input/event6)
[   545.263] (**) VirtualBox mouse integration: Applying InputClass "evdev pointer catchall"
[   545.263] (**) VirtualBox mouse integration: Applying InputClass "libinput pointer catchall"
[   545.263] (II) Using input driver 'libinput' for 'VirtualBox mouse integration'
[   545.264] (II) systemd-logind: got fd for /dev/input/event6 13:70 fd 28 paused 0
[   545.264] (**) VirtualBox mouse integration: always reports core events
[   545.264] (**) Option "Device" "/dev/input/event6"
[   545.264] (**) Option "_source" "server/udev"
[   545.264] (II) event6  - VirtualBox mouse integration: is tagged by udev as: Mouse
[   545.264] (II) event6  - VirtualBox mouse integration: device is a pointer
[   545.264] (II) event6  - VirtualBox mouse integration: device removed
[   545.264] (**) Option "config_info" "udev:/sys/devices/pci0000:00/0000:00:04.0/input/input7/event6"
[   545.264] (II) XINPUT: Adding extended input device "VirtualBox mouse integration" (type: MOUSE, id 9)
[   545.264] (**) Option "AccelerationScheme" "none"
[   545.264] (**) VirtualBox mouse integration: (accel) selected scheme none/0
[   545.264] (**) VirtualBox mouse integration: (accel) acceleration factor: 2.000
[   545.264] (**) VirtualBox mouse integration: (accel) acceleration threshold: 4
[   545.264] (II) event6  - VirtualBox mouse integration: is tagged by udev as: Mouse
[   545.264] (II) event6  - VirtualBox mouse integration: device is a pointer
[   545.264] (II) config/udev: Adding input device VirtualBox mouse integration (/dev/input/js1)
[   545.264] (II) No input driver specified, ignoring this device.
[   545.264] (II) This device may have been added with another device file.
[   545.264] (II) config/udev: Adding input device VirtualBox mouse integration (/dev/input/mouse2)
[   545.264] (II) No input driver specified, ignoring this device.
[   545.264] (II) This device may have been added with another device file.
[   545.264] (II) config/udev: Adding input device VirtualBox USB Tablet (/dev/input/event5)
[   545.264] (**) VirtualBox USB Tablet: Applying InputClass "evdev pointer catchall"
[   545.264] (**) VirtualBox USB Tablet: Applying InputClass "libinput pointer catchall"
[   545.264] (II) Using input driver 'libinput' for 'VirtualBox USB Tablet'
[   545.315] (II) systemd-logind: got fd for /dev/input/event5 13:69 fd 29 paused 0
[   545.315] (**) VirtualBox USB Tablet: always reports core events
[   545.315] (**) Option "Device" "/dev/input/event5"
[   545.315] (**) Option "_source" "server/udev"
[   545.315] (II) event5  - VirtualBox USB Tablet: is tagged by udev as: Mouse
[   545.315] (II) event5  - VirtualBox USB Tablet: device is a pointer
[   545.315] (II) event5  - VirtualBox USB Tablet: device removed
[   545.315] (**) Option "config_info" "udev:/sys/devices/pci0000:00/0000:00:06.0/usb2/2-1/2-1:1.0/0003:80EE:0021.0001/input/input6/event5"
[   545.315] (II) XINPUT: Adding extended input device "VirtualBox USB Tablet" (type: MOUSE, id 10)
[   545.315] (**) Option "AccelerationScheme" "none"
[   545.315] (**) VirtualBox USB Tablet: (accel) selected scheme none/0
[   545.315] (**) VirtualBox USB Tablet: (accel) acceleration factor: 2.000
[   545.315] (**) VirtualBox USB Tablet: (accel) acceleration threshold: 4
[   545.318] (II) event5  - VirtualBox USB Tablet: is tagged by udev as: Mouse
[   545.318] (II) event5  - VirtualBox USB Tablet: device is a pointer
[   545.318] (II) config/udev: Adding input device VirtualBox USB Tablet (/dev/input/js0)
[   545.318] (II) No input driver specified, ignoring this device.
[   545.318] (II) This device may have been added with another device file.
[   545.318] (II) config/udev: Adding input device VirtualBox USB Tablet (/dev/input/mouse1)
[   545.318] (II) No input driver specified, ignoring this device.
[   545.318] (II) This device may have been added with another device file.
[   545.318] (II) config/udev: Adding input device AT Translated Set 2 keyboard (/dev/input/event2)
[   545.318] (**) AT Translated Set 2 keyboard: Applying InputClass "evdev keyboard catchall"
[   545.318] (**) AT Translated Set 2 keyboard: Applying InputClass "libinput keyboard catchall"
[   545.318] (**) AT Translated Set 2 keyboard: Applying InputClass "system-keyboard"
[   545.318] (II) Using input driver 'libinput' for 'AT Translated Set 2 keyboard'
[   545.326] (II) systemd-logind: got fd for /dev/input/event2 13:66 fd 30 paused 0
[   545.326] (**) AT Translated Set 2 keyboard: always reports core events
[   545.326] (**) Option "Device" "/dev/input/event2"
[   545.326] (**) Option "_source" "server/udev"
[   545.326] (II) event2  - AT Translated Set 2 keyboard: is tagged by udev as: Keyboard
[   545.326] (II) event2  - AT Translated Set 2 keyboard: device is a keyboard
[   545.326] (II) event2  - AT Translated Set 2 keyboard: device removed
[   545.326] (**) Option "config_info" "udev:/sys/devices/platform/i8042/serio0/input/input2/event2"
[   545.326] (II) XINPUT: Adding extended input device "AT Translated Set 2 keyboard" (type: KEYBOARD, id 11)
[   545.326] (**) Option "xkb_layout" "us,ru,ua"
[   545.326] (**) Option "xkb_variant" ",,"
[   545.326] (**) Option "xkb_options" "grp:win_space_toggle"
[   545.326] (II) event2  - AT Translated Set 2 keyboard: is tagged by udev as: Keyboard
[   545.326] (II) event2  - AT Translated Set 2 keyboard: device is a keyboard
[   545.326] (II) config/udev: Adding input device ImExPS/2 Generic Explorer Mouse (/dev/input/event3)
[   545.326] (**) ImExPS/2 Generic Explorer Mouse: Applying InputClass "evdev pointer catchall"
[   545.326] (**) ImExPS/2 Generic Explorer Mouse: Applying InputClass "libinput pointer catchall"
[   545.326] (II) Using input driver 'libinput' for 'ImExPS/2 Generic Explorer Mouse'
[   545.326] (II) systemd-logind: got fd for /dev/input/event3 13:67 fd 31 paused 0
[   545.326] (**) ImExPS/2 Generic Explorer Mouse: always reports core events
[   545.326] (**) Option "Device" "/dev/input/event3"
[   545.326] (**) Option "_source" "server/udev"
[   545.326] (II) event3  - ImExPS/2 Generic Explorer Mouse: is tagged by udev as: Mouse
[   545.326] (II) event3  - ImExPS/2 Generic Explorer Mouse: device is a pointer
[   545.326] (II) event3  - ImExPS/2 Generic Explorer Mouse: device removed
[   545.326] (**) Option "config_info" "udev:/sys/devices/platform/i8042/serio1/input/input4/event3"
[   545.326] (II) XINPUT: Adding extended input device "ImExPS/2 Generic Explorer Mouse" (type: MOUSE, id 12)
[   545.326] (**) Option "AccelerationScheme" "none"
[   545.326] (**) ImExPS/2 Generic Explorer Mouse: (accel) selected scheme none/0
[   545.326] (**) ImExPS/2 Generic Explorer Mouse: (accel) acceleration factor: 2.000
[   545.326] (**) ImExPS/2 Generic Explorer Mouse: (accel) acceleration threshold: 4
[   545.326] (II) event3  - ImExPS/2 Generic Explorer Mouse: is tagged by udev as: Mouse
[   545.326] (II) event3  - ImExPS/2 Generic Explorer Mouse: device is a pointer
[   545.326] (II) config/udev: Adding input device ImExPS/2 Generic Explorer Mouse (/dev/input/mouse0)
[   545.326] (II) No input driver specified, ignoring this device.
[   545.326] (II) This device may have been added with another device file.
[   545.342] (II) config/udev: Adding input device PC Speaker (/dev/input/event7)
[   545.342] (II) No input driver specified, ignoring this device.
[   545.342] (II) This device may have been added with another device file.
[   634.058] (EE) event6  - VirtualBox mouse integration: client bug: event processing lagging behind by 15ms, your system is too slow
[   693.676] [dix] EventToCore: Not implemented yet 
[   703.615] (DB) vmware(0): New layout.
[   703.615] (DB) vmware(0): 0: 0 0 640 480
[   703.615] (DB) vmware(0): 
[   704.933] (DB) vmware(0): New layout.
[   704.933] (DB) vmware(0): 0: 0 0 1920 1014
[   704.933] (DB) vmware(0): 
[   704.948] (EE) No surface to present from.
[   717.861] (EE) event6  - VirtualBox mouse integration: client bug: event processing lagging behind by 16ms, your system is too slow
[   739.926] (DB) vmware(0): New layout.
[   739.926] (DB) vmware(0): 0: 0 0 640 480
[   739.926] (DB) vmware(0): 
[   741.638] (DB) vmware(0): New layout.
[   741.638] (DB) vmware(0): 0: 0 0 1920 1014
[   741.638] (DB) vmware(0): 
[   741.646] (EE) No surface to present from.
[   741.716] (EE) event6  - VirtualBox mouse integration: client bug: event processing lagging behind by 14ms, your system is too slow
[   743.042] (EE) event6  - VirtualBox mouse integration: client bug: event processing lagging behind by 15ms, your system is too slow
[   744.461] (EE) event6  - VirtualBox mouse integration: client bug: event processing lagging behind by 14ms, your system is too slow
[   744.461] (EE) event6  - VirtualBox mouse integration: WARNING: log rate limit exceeded (5 msgs per 60min). Discarding future messages.
[   744.514] (DB) vmware(0): New layout.
[   744.514] (DB) vmware(0): 0: 0 0 640 480
[   744.514] (DB) vmware(0): 
[   745.801] (DB) vmware(0): New layout.
[   745.801] (DB) vmware(0): 0: 0 0 1920 1014
[   745.801] (DB) vmware(0): 
[   745.817] (EE) No surface to present from.
[   749.125] (DB) vmware(0): New layout.
[   749.125] (DB) vmware(0): 0: 0 0 640 480
[   749.125] (DB) vmware(0): 
[   750.593] (DB) vmware(0): New layout.
[   750.593] (DB) vmware(0): 0: 0 0 1920 1014
[   750.593] (DB) vmware(0): 
[   750.611] (EE) No surface to present from.
[  1136.157] [dix] EventToCore: Not implemented yet 
